<?xml version="1.0" encoding="UTF-8"?>
<!-- Generated by org.testng.reporters.JUnitReportReporter -->
<testsuite hostname="COTVADCPRVD0319" name="testScenarios.AuditAccessAgentViewNormalFlowScn1" tests="1" failures="0" timestamp="7 Jan 2022 10:33:07 GMT" time="339.045" errors="0">
  <testcase name="requestInIT" time="339.045" classname="testScenarios.AuditAccessAgentViewNormalFlowScn1"/>
</testsuite> <!-- testScenarios.AuditAccessAgentViewNormalFlowScn1 -->
