<?xml version="1.0" encoding="UTF-8"?>
<!-- Generated by org.testng.reporters.JUnitReportReporter -->
<testsuite hostname="COTVADCPRVD0319" name="testScenarios.InternalDistrubtionListPortalViewTest2" tests="1" failures="0" timestamp="24 Dec 2021 09:09:13 GMT" time="23.556" errors="0">
  <testcase name="requestEdit" time="23.556" classname="testScenarios.InternalDistrubtionListPortalViewTest2"/>
</testsuite> <!-- testScenarios.InternalDistrubtionListPortalViewTest2 -->
