<?xml version="1.0" encoding="UTF-8"?>
<!-- Generated by org.testng.reporters.JUnitReportReporter -->
<testsuite hostname="COTVADCPRVD0319" name="testScenarios.InternalDistrubtionListNormalFlow1Test" tests="1" failures="0" timestamp="28 Jan 2022 10:42:15 GMT" time="150.511" errors="0">
  <testcase name="requestCreationInIT" time="150.511" classname="testScenarios.InternalDistrubtionListNormalFlow1Test"/>
</testsuite> <!-- testScenarios.InternalDistrubtionListNormalFlow1Test -->
