<?xml version="1.0" encoding="UTF-8"?>
<!-- Generated by org.testng.reporters.JUnitReportReporter -->
<testsuite hostname="COTVADCPRVD0319" name="testScenarios.Login_app" tests="1" failures="0" timestamp="16 Sep 2021 09:53:04 GMT" time="13.874" errors="0">
  <testcase name="basepage" time="13.874" classname="testScenarios.Login_app"/>
</testsuite> <!-- testScenarios.Login_app -->
