<?xml version="1.0" encoding="UTF-8"?>
<!-- Generated by org.testng.reporters.JUnitReportReporter -->
<testsuite hostname="COTVADCPRVD0319" name="testScenarios.RequestAccessRolesForNewHireNormalFlowTest" tests="1" failures="0" timestamp="4 Feb 2022 09:16:44 GMT" time="165.713" errors="0">
  <testcase name="requestInITView" time="165.713" classname="testScenarios.RequestAccessRolesForNewHireNormalFlowTest"/>
</testsuite> <!-- testScenarios.RequestAccessRolesForNewHireNormalFlowTest -->
