<?xml version="1.0" encoding="UTF-8"?>
<!-- Generated by org.testng.reporters.JUnitReportReporter -->
<testsuite hostname="COTVADCPRVD0319" name="testScenarios.InternalDistrubtionListNormalFlowScn2Test" tests="1" failures="0" timestamp="17 Jan 2022 10:27:19 GMT" time="153.021" errors="0">
  <testcase name="requestCreationInIT" time="153.021" classname="testScenarios.InternalDistrubtionListNormalFlowScn2Test"/>
</testsuite> <!-- testScenarios.InternalDistrubtionListNormalFlowScn2Test -->
