<?xml version="1.0" encoding="UTF-8"?>
<!-- Generated by org.testng.reporters.JUnitReportReporter -->
<testsuite hostname="COTVADCPRVD0319" name="testScenarios.AuditAccessPortalViewScn1Test" tests="1" failures="0" timestamp="6 Jan 2022 07:18:40 GMT" time="74.218" errors="0">
  <testcase name="requestCreation" time="74.218" classname="testScenarios.AuditAccessPortalViewScn1Test"/>
</testsuite> <!-- testScenarios.AuditAccessPortalViewScn1Test -->
