<?xml version="1.0" encoding="UTF-8"?>
<!-- Generated by org.testng.reporters.JUnitReportReporter -->
<testsuite hostname="COTVADCPRVD0319" name="testScenarios.AuditAccessAgentViewNormalFlowScn1Test" tests="1" failures="0" timestamp="12 Jan 2022 12:39:43 GMT" time="352.834" errors="0">
  <testcase name="requestInIT" time="352.834" classname="testScenarios.AuditAccessAgentViewNormalFlowScn1Test"/>
</testsuite> <!-- testScenarios.AuditAccessAgentViewNormalFlowScn1Test -->
