<?xml version="1.0" encoding="UTF-8"?>
<!-- Generated by org.testng.reporters.JUnitReportReporter -->
<testsuite hostname="COTVADCPRVD0319" name="testScenarios.RequestAccessDataValidationTest" tests="1" failures="0" timestamp="4 Feb 2022 15:02:14 GMT" time="229.319" errors="0">
  <testcase name="dataValidation" time="229.319" classname="testScenarios.RequestAccessDataValidationTest"/>
</testsuite> <!-- testScenarios.RequestAccessDataValidationTest -->
