<?xml version="1.0" encoding="UTF-8"?>
<!-- Generated by org.testng.reporters.JUnitReportReporter -->
<testsuite hostname="COTVADCPRVD0319" name="testScenarios.ReportSecurityAgentViewTest" tests="1" failures="0" timestamp="8 Nov 2021 14:27:45 GMT" time="75.729" errors="0">
  <testcase name="requestInIT" time="75.729" classname="testScenarios.ReportSecurityAgentViewTest"/>
</testsuite> <!-- testScenarios.ReportSecurityAgentViewTest -->
