<?xml version="1.0" encoding="UTF-8"?>
<!-- Generated by org.testng.reporters.JUnitReportReporter -->
<testsuite hostname="COTVADCPRVD0319" name="testScenarios.ProblemCreationTest" tests="1" failures="0" timestamp="16 Dec 2021 07:33:34 GMT" time="54.920" errors="0">
  <testcase name="requestCreation" time="54.920" classname="testScenarios.ProblemCreationTest"/>
</testsuite> <!-- testScenarios.ProblemCreationTest -->
