<?xml version="1.0" encoding="UTF-8"?>
<!-- Generated by org.testng.reporters.JUnitReportReporter -->
<testsuite hostname="COTVADCPRVD0319" name="testScenarios.ProblemSwitchUserTest" tests="1" failures="0" timestamp="6 Jan 2022 15:53:51 GMT" time="57.228" errors="0">
  <testcase name="switchUser" time="57.228" classname="testScenarios.ProblemSwitchUserTest"/>
</testsuite> <!-- testScenarios.ProblemSwitchUserTest -->
