<?xml version="1.0" encoding="UTF-8"?>
<!-- Generated by org.testng.reporters.JUnitReportReporter -->
<testsuite hostname="COTVADCPRVD0319" name="testScenarios.ReportSecurityPortalViewTest" tests="1" failures="0" timestamp="22 Dec 2021 08:51:57 GMT" time="21.359" errors="0">
  <testcase name="requestCreation" time="21.359" classname="testScenarios.ReportSecurityPortalViewTest"/>
</testsuite> <!-- testScenarios.ReportSecurityPortalViewTest -->
