<?xml version="1.0" encoding="UTF-8"?>
<!-- Generated by org.testng.reporters.JUnitReportReporter -->
<testsuite hostname="COTVADCPRVD0319" name="testScenarios.AuditAccessPortalViewScn2Test" tests="1" failures="0" timestamp="7 Jan 2022 14:42:48 GMT" time="72.879" errors="0">
  <testcase name="requestCreation" time="72.879" classname="testScenarios.AuditAccessPortalViewScn2Test"/>
</testsuite> <!-- testScenarios.AuditAccessPortalViewScn2Test -->
