<?xml version="1.0" encoding="UTF-8"?>
<!-- Generated by org.testng.reporters.JUnitReportReporter -->
<testsuite hostname="COTVADCPRVD0319" name="testScenarios.ProblemCancelTest" tests="1" failures="0" timestamp="17 Dec 2021 11:30:30 GMT" time="165.259" errors="0">
  <testcase name="requestCancel" time="165.259" classname="testScenarios.ProblemCancelTest"/>
</testsuite> <!-- testScenarios.ProblemCancelTest -->
