<?xml version="1.0" encoding="UTF-8"?>
<!-- Generated by org.testng.reporters.JUnitReportReporter -->
<testsuite hostname="COTVADCPRVD0319" name="testScenarios.RequestAccessRolesForNewHirePortalViewTest" tests="1" failures="0" timestamp="31 Jan 2022 13:44:43 GMT" time="45.619" errors="0">
  <testcase name="requestCreation" time="45.619" classname="testScenarios.RequestAccessRolesForNewHirePortalViewTest"/>
</testsuite> <!-- testScenarios.RequestAccessRolesForNewHirePortalViewTest -->
