<?xml version="1.0" encoding="UTF-8"?>
<!-- Generated by org.testng.reporters.JUnitReportReporter -->
<testsuite hostname="COTVADCPRVD0319" name="testScenarios.AuditAccessPortalViewTest" tests="1" failures="0" timestamp="5 Jan 2022 14:01:26 GMT" time="68.165" errors="0">
  <testcase name="requestCreation" time="68.165" classname="testScenarios.AuditAccessPortalViewTest"/>
</testsuite> <!-- testScenarios.AuditAccessPortalViewTest -->
